C51 COMPILER V9.59.0.0   MAIN                                                              12/26/2022 20:23:07 PAGE 1   


C51 COMPILER V9.59.0.0, COMPILATION OF MODULE MAIN
OBJECT MODULE PLACED IN .\Objects\main.obj
COMPILER INVOKED BY: D:\Mcu\51\C51\BIN\C51.EXE main.c OPTIMIZE(8,SPEED) BROWSE DEBUG OBJECTEXTEND PRINT(.\Listings\main.
                    -lst) TABS(3) OBJECT(.\Objects\main.obj)

line level    source

   1          #include <REGX52.H>
   2          #include "Lcd1602.h"
   3          #include "matrix.h"
   4          
   5          extern unsigned char KeyNumber;
   6          
   7          void main()
   8          {
   9   1      
  10   1         LCD_Init();
  11   1      
  12   1         while(1)
  13   1         {
  14   2            ScanKey();
  15   2            if(KeyNumber<30)
  16   2            {
  17   3            LCD_ShowNum(1,1,KeyNumber,2);
  18   3            }
  19   2         }
  20   1      }


MODULE INFORMATION:   STATIC OVERLAYABLE
   CODE SIZE        =     34    ----
   CONSTANT SIZE    =   ----    ----
   XDATA SIZE       =   ----    ----
   PDATA SIZE       =   ----    ----
   DATA SIZE        =   ----    ----
   IDATA SIZE       =   ----    ----
   BIT SIZE         =   ----    ----
END OF MODULE INFORMATION.


C51 COMPILATION COMPLETE.  0 WARNING(S),  0 ERROR(S)
