C51 COMPILER V9.59.0.0   MAIN                                                              02/18/2023 11:48:31 PAGE 1   


C51 COMPILER V9.59.0.0, COMPILATION OF MODULE MAIN
OBJECT MODULE PLACED IN .\Objects\main.obj
COMPILER INVOKED BY: D:\Mcu\Keil5\C51\BIN\C51.EXE main.c OPTIMIZE(8,SPEED) BROWSE DEBUG OBJECTEXTEND PRINT(.\Listings\ma
                    -in.lst) TABS(2) OBJECT(.\Objects\main.obj)

line level    source

   1          #include <REGX52.H>
   2          //按键定义
   3          sbit s7=P3^1;
   4          sbit s6=P3^0;
   5          sbit s5=P3^2;
   6          sbit s4=P3^3;
   7          
   8          //led定义
   9          sbit L1=P2^0;
  10          sbit L2=P2^1;
  11          sbit L3=P2^2;
  12          sbit L4=P2^3;
  13          sbit L5=P2^4;
  14          sbit L6=P2^5;
  15          sbit L7=P2^6;
  16          sbit L8=P2^7;
  17          
  18          //延时函数
  19          void delay(unsigned char t)
  20          {
  21   1      while(t--);
  22   1      } 
  23          
  24          //按键扫描函数
  25          void Scankey_Alone()
  26          {
  27   1        if(s7==0)
  28   1        {
  29   2          delay(100);
  30   2          if(s7==0)
  31   2          {L1=0;
  32   3          while(s7==0);
  33   3          L1=1;
  34   3        }}
  35   1        if(s6==0)
  36   1        {
  37   2          delay(100);
  38   2          if(s6==0)
  39   2          {L2=0;
  40   3          while(s6==0);
  41   3          L2=1;
  42   3        }}
  43   1        if(s5==0)
  44   1        {
  45   2          delay(100);
  46   2          if(s5==0)
  47   2          {L3=0;
  48   3            while(s5==0);
  49   3            L3=1;
  50   3        }}
  51   1        if(s4==0)
  52   1        {
  53   2          delay(100);
  54   2          if(s4 == 0)
C51 COMPILER V9.59.0.0   MAIN                                                              02/18/2023 11:48:31 PAGE 2   

  55   2          { L4=0;
  56   3            while(s4==0);
  57   3            L4=1;
  58   3          }
  59   2        }
  60   1      }
  61          //主函数
  62          void main()
  63          {
  64   1        while(1)
  65   1        {
  66   2      Scankey_Alone();
  67   2        }
  68   1      }


MODULE INFORMATION:   STATIC OVERLAYABLE
   CODE SIZE        =     85    ----
   CONSTANT SIZE    =   ----    ----
   XDATA SIZE       =   ----    ----
   PDATA SIZE       =   ----    ----
   DATA SIZE        =   ----    ----
   IDATA SIZE       =   ----    ----
   BIT SIZE         =   ----    ----
END OF MODULE INFORMATION.


C51 COMPILATION COMPLETE.  0 WARNING(S),  0 ERROR(S)
