C51 COMPILER V9.59.0.0   MAIN                                                              12/22/2022 20:14:54 PAGE 1   


C51 COMPILER V9.59.0.0, COMPILATION OF MODULE MAIN
OBJECT MODULE PLACED IN .\Objects\main.obj
COMPILER INVOKED BY: D:\Mcu\51\C51\BIN\C51.EXE main.c OPTIMIZE(8,SPEED) BROWSE DEBUG OBJECTEXTEND PRINT(.\Listings\main.
                    -lst) TABS(3) OBJECT(.\Objects\main.obj)

line level    source

   1          #include <REGX52.H>
   2          
   3          void Timer_Init()
   4          {
   5   1         TMOD=0x01;       //定时器0工作在模式一
   6   1         TF0=0;          //定时器0的中断溢出标志位
   7   1         TR0=1;          //定时器的运行允许
   8   1         TL0=(65535-50000)%256;  //给定时器赋初始值
   9   1         TH0=(65535-50000)/256;
  10   1         ET0=1;
  11   1         EA=1;
  12   1      }
  13          static unsigned int T0Count;
  14                static unsigned int T0Count1;
  15          
  16          void Timer_Servor() interrupt 1  //定时器0的中断服务函数
  17          {
  18   1         TL0=(65535-50000)%256;  //给定时器赋初始值
  19   1         TH0=(65535-50000)/256;
  20   1         
  21   1         T0Count++;
  22   1         T0Count1++;
  23   1         
  24   1         if(T0Count==10)
  25   1         {
  26   2         T0Count=0;
  27   2         P2_0=~P2_0;
  28   2         }
  29   1         
  30   1         if(T0Count1==100)
  31   1         {
  32   2         T0Count1=0;
  33   2         P2_7=~P2_7;
  34   2         }
  35   1      }
  36          
  37          void main()
  38          {
  39   1         Timer_Init();
  40   1         while(1)
  41   1         {
  42   2      
  43   2         }
  44   1      }


MODULE INFORMATION:   STATIC OVERLAYABLE
   CODE SIZE        =     78    ----
   CONSTANT SIZE    =   ----    ----
   XDATA SIZE       =   ----    ----
   PDATA SIZE       =   ----    ----
   DATA SIZE        =      4    ----
   IDATA SIZE       =   ----    ----
   BIT SIZE         =   ----    ----
C51 COMPILER V9.59.0.0   MAIN                                                              12/22/2022 20:14:54 PAGE 2   

END OF MODULE INFORMATION.


C51 COMPILATION COMPLETE.  0 WARNING(S),  0 ERROR(S)
