C51 COMPILER V9.59.0.0   MAIN                                                              12/22/2022 23:41:36 PAGE 1   


C51 COMPILER V9.59.0.0, COMPILATION OF MODULE MAIN
OBJECT MODULE PLACED IN .\Objects\main.obj
COMPILER INVOKED BY: D:\Mcu\51\C51\BIN\C51.EXE main.c OPTIMIZE(8,SPEED) BROWSE DEBUG OBJECTEXTEND PRINT(.\Listings\main.
                    -lst) TABS(3) OBJECT(.\Objects\main.obj)

line level    source

   1          #include <REGX52.H>
   2          
   3          sbit Led=P2^0;
   4          sbit Bu1=P3^1;
   5          
   6          //=========变量定义==========
   7          unsigned int TimerCount=0;
   8          static unsigned int Compare=0;
   9          
  10          //============定时器初始化函数==========
  11          void Timer_Init()
  12          {
  13   1         TMOD=0x01;
  14   1         TF0=0;
  15   1         TR0=1;
  16   1         TL0 = 0xA4;    //设置定时初值
  17   1         TH0 = 0xFF;    //设置定时初值
  18   1         
  19   1         ET0=1;
  20   1         EA=1;
  21   1      }
  22          //=======================================
  23          
  24          
  25          
  26          void Delay(unsigned char t)
  27          {
  28   1      while(t--);
  29   1      }
  30          
  31          void main()
  32          {
  33   1         Timer_Init();
  34   1         while(1)
  35   1         {
  36   2            if(Bu1==0)
  37   2            {
  38   3            Delay(10);
  39   3               if(Bu1==0)
  40   3               {
  41   4                  if(Compare==0)
  42   4                     {
  43   5                     Compare=10;
  44   5                     }
  45   4                  else if(Compare==10)
  46   4                     {
  47   5                     Compare=50;
  48   5                     }
  49   4                  else if(Compare==50)
  50   4                     {
  51   5                     Compare=90;
  52   5                     }
  53   4                  else if(Compare==90)
  54   4                     {
C51 COMPILER V9.59.0.0   MAIN                                                              12/22/2022 23:41:36 PAGE 2   

  55   5                     Compare=0;
  56   5                     }
  57   4                  while(Bu1==0);
  58   4               }
  59   3            }
  60   2         }
  61   1      }//==========定时器中断服务函数========
  62          void Timer_Servor() interrupt 1
  63          {
  64   1         TL0 = 0xA4;    //设置定时初值
  65   1         TH0 = 0xFF;    //设置定时初值
  66   1         TimerCount++;
  67   1         TimerCount%=101;
  68   1         if(TimerCount>Compare)
  69   1         {
  70   2            Led=1;
  71   2         }
  72   1         else Led=0;
  73   1      }


MODULE INFORMATION:   STATIC OVERLAYABLE
   CODE SIZE        =    180    ----
   CONSTANT SIZE    =   ----    ----
   XDATA SIZE       =   ----    ----
   PDATA SIZE       =   ----    ----
   DATA SIZE        =      4    ----
   IDATA SIZE       =   ----    ----
   BIT SIZE         =   ----    ----
END OF MODULE INFORMATION.


C51 COMPILATION COMPLETE.  0 WARNING(S),  0 ERROR(S)
