C51 COMPILER V9.59.0.0   DELAY                                                             12/18/2022 22:49:33 PAGE 1   


C51 COMPILER V9.59.0.0, COMPILATION OF MODULE DELAY
OBJECT MODULE PLACED IN .\Objects\Delay.obj
COMPILER INVOKED BY: D:\Mcu\51\C51\BIN\C51.EXE ..\3-3¾ØÕó°´¼ü\Delay.c OPTIMIZE(8,SPEED) BROWSE DEBUG OBJECTEXTEND PRINT(
                    -.\Listings\Delay.lst) TABS(3) OBJECT(.\Objects\Delay.obj)

line level    source

   1          #include <REGX52.H>
   2          
   3          //ÑÓÊ±º¯Êý
   4          void Delay(unsigned char t)
   5          {
   6   1      while(t--);
   7   1      }


MODULE INFORMATION:   STATIC OVERLAYABLE
   CODE SIZE        =      7    ----
   CONSTANT SIZE    =   ----    ----
   XDATA SIZE       =   ----    ----
   PDATA SIZE       =   ----    ----
   DATA SIZE        =   ----    ----
   IDATA SIZE       =   ----    ----
   BIT SIZE         =   ----    ----
END OF MODULE INFORMATION.


C51 COMPILATION COMPLETE.  0 WARNING(S),  0 ERROR(S)
