C51 COMPILER V9.59.0.0   MAIN                                                              12/19/2022 12:20:10 PAGE 1   


C51 COMPILER V9.59.0.0, COMPILATION OF MODULE MAIN
OBJECT MODULE PLACED IN .\Objects\main.obj
COMPILER INVOKED BY: D:\Mcu\51\C51\BIN\C51.EXE main.c OPTIMIZE(8,SPEED) BROWSE DEBUG OBJECTEXTEND PRINT(.\Listings\main.
                    -lst) TABS(3) OBJECT(.\Objects\main.obj)

line level    source

   1          #include <REGX52.H>
   2          #include "Digital.h"
   3          unsigned char i=1;
   4          extern void Delay(unsigned int xms);
   5          
   6          void display ()
   7          {
   8   1            Dispaly(1,2);
   9   1            Dispaly(2,0);
  10   1            Dispaly(3,2);
  11   1            Dispaly(4,2);
  12   1            Dispaly(5,16);
  13   1            Dispaly(6,16);
  14   1            Dispaly(7,(i/10));
  15   1            Dispaly(8,(i%10));
  16   1      }
  17          void delay1(unsigned char t)
  18          {
  19   1         while(t--)
  20   1         {
  21   2         display();
  22   2         }
  23   1      }
  24          
  25          void main()
  26          {
  27   1         while(1)
  28   1         {
  29   2      // display();
  30   2            i++;
  31   2            if(i>12)
  32   2            {i=1;}
  33   2            delay1(100);
  34   2         }
  35   1      }


MODULE INFORMATION:   STATIC OVERLAYABLE
   CODE SIZE        =    121    ----
   CONSTANT SIZE    =   ----    ----
   XDATA SIZE       =   ----    ----
   PDATA SIZE       =   ----    ----
   DATA SIZE        =      1       1
   IDATA SIZE       =   ----    ----
   BIT SIZE         =   ----    ----
END OF MODULE INFORMATION.


C51 COMPILATION COMPLETE.  0 WARNING(S),  0 ERROR(S)
