C51 COMPILER V9.59.0.0   MATRIX                                                            12/18/2022 22:53:20 PAGE 1   


C51 COMPILER V9.59.0.0, COMPILATION OF MODULE MATRIX
OBJECT MODULE PLACED IN .\Objects\matrix.obj
COMPILER INVOKED BY: D:\Mcu\51\C51\BIN\C51.EXE ..\3-3¾ØÕó°´¼ü\matrix.c OPTIMIZE(8,SPEED) BROWSE DEBUG OBJECTEXTEND PRINT
                    -(.\Listings\matrix.lst) TABS(3) OBJECT(.\Objects\matrix.obj)

line level    source

   1          #include <REGX52.H>
   2          void delay(unsigned int xms)
   3          {
   4   1         unsigned char i, j;
   5   1         while(xms--)
   6   1         {
   7   2            i = 2;
   8   2            j = 239;
   9   2            do
  10   2            {
  11   3               while (--j);
  12   3            } while (--i);
  13   2         }
  14   1      }
  15          unsigned char KeyNumber=0;
  16          
  17          void ScanKey()
  18          {
  19   1         P1=0xff;
  20   1         P1_3=0;
  21   1         if(P1_7==0){delay(20);while(P1_7==0);delay(10);KeyNumber=0;}
  22   1         if(P1_6==0){delay(20);while(P1_6==0);delay(10);KeyNumber=4;}
  23   1         if(P1_5==0){delay(20);while(P1_5==0);delay(10);KeyNumber=8;}
  24   1         if(P1_4==0){delay(20);while(P1_4==0);delay(10);KeyNumber=12;}
  25   1         
  26   1         P1=0xff;
  27   1         P1_2=0;
  28   1         if(P1_7==0){delay(20);while(P1_7==0);delay(10);KeyNumber=1;}
  29   1         if(P1_6==0){delay(20);while(P1_6==0);delay(10);KeyNumber=5;}
  30   1         if(P1_5==0){delay(20);while(P1_5==0);delay(10);KeyNumber=9;}
  31   1         if(P1_4==0){delay(20);while(P1_4==0);delay(10);KeyNumber=13;}
  32   1         
  33   1         P1=0xff;
  34   1         P1_1=0;
  35   1         if(P1_7==0){delay(20);while(P1_7==0);delay(10);KeyNumber=2;}
  36   1         if(P1_6==0){delay(20);while(P1_6==0);delay(10);KeyNumber=6;}
  37   1         if(P1_5==0){delay(20);while(P1_5==0);delay(10);KeyNumber=10;}
  38   1         if(P1_4==0){delay(20);while(P1_4==0);delay(10);KeyNumber=14;}
  39   1         
  40   1         P1=0xff;
  41   1         P1_0=0;
  42   1         if(P1_7==0){delay(20);while(P1_7==0);delay(10);KeyNumber=3;}
  43   1         if(P1_6==0){delay(20);while(P1_6==0);delay(10);KeyNumber=7;}
  44   1         if(P1_5==0){delay(20);while(P1_5==0);delay(10);KeyNumber=11;}
  45   1         if(P1_4==0){delay(20);while(P1_4==0);delay(10);KeyNumber=15;}
  46   1         
  47   1      }


MODULE INFORMATION:   STATIC OVERLAYABLE
   CODE SIZE        =    350    ----
   CONSTANT SIZE    =   ----    ----
   XDATA SIZE       =   ----    ----
   PDATA SIZE       =   ----    ----
C51 COMPILER V9.59.0.0   MATRIX                                                            12/18/2022 22:53:20 PAGE 2   

   DATA SIZE        =      1    ----
   IDATA SIZE       =   ----    ----
   BIT SIZE         =   ----    ----
END OF MODULE INFORMATION.


C51 COMPILATION COMPLETE.  0 WARNING(S),  0 ERROR(S)
