C51 COMPILER V9.59.0.0   DIGITAL                                                           12/22/2022 20:52:09 PAGE 1   


C51 COMPILER V9.59.0.0, COMPILATION OF MODULE DIGITAL
OBJECT MODULE PLACED IN .\Objects\Digital.obj
COMPILER INVOKED BY: D:\Mcu\51\C51\BIN\C51.EXE Digital.c OPTIMIZE(8,SPEED) BROWSE DEBUG OBJECTEXTEND PRINT(.\Listings\Di
                    -gital.lst) TABS(3) OBJECT(.\Objects\Digital.obj)

line level    source

   1          #include <REGX52.H>
   2          
   3          void Delay(unsigned int xms)
   4          {
   5   1         unsigned char i, j;
   6   1         while(xms--)
   7   1         {
   8   2            i = 2;
   9   2            j = 239;
  10   2            do
  11   2            {
  12   3               while (--j);
  13   3            } while (--i);
  14   2         }
  15   1      }
  16          unsigned char NumberArr[18]={0x3F,0x06,0x5B,0x4F,0x66,0x6D,0x7D,0x07,
  17          0x7F,0x6F,0x77,0x7C,0x39,0x5E,0x79,0x71,0x40,0x80};
  18          
  19          void Dispaly(unsigned char Location,Number)
  20          {
  21   1         switch(Location)
  22   1         {
  23   2            case 8:P2_4=0;P2_3=0;P2_2=0;break;
  24   2            case 7:P2_4=0;P2_3=0;P2_2=1;break;
  25   2            case 6:P2_4=0;P2_3=1;P2_2=0;break;
  26   2            case 5:P2_4=0;P2_3=1;P2_2=1;break;
  27   2            case 4:P2_4=1;P2_3=0;P2_2=0;break;
  28   2            case 3:P2_4=1;P2_3=0;P2_2=1;break;
  29   2            case 2:P2_4=1;P2_3=1;P2_2=0;break;
  30   2            case 1:P2_4=1;P2_3=1;P2_2=1;break;
  31   2         }
  32   1         P0=NumberArr[Number];
  33   1         Delay(1);                        //延时显示
  34   1         P0=0x00;                      //消除残影
  35   1      }


MODULE INFORMATION:   STATIC OVERLAYABLE
   CODE SIZE        =    130    ----
   CONSTANT SIZE    =   ----    ----
   XDATA SIZE       =   ----    ----
   PDATA SIZE       =   ----    ----
   DATA SIZE        =     18    ----
   IDATA SIZE       =   ----    ----
   BIT SIZE         =   ----    ----
END OF MODULE INFORMATION.


C51 COMPILATION COMPLETE.  0 WARNING(S),  0 ERROR(S)
