C51 COMPILER V9.59.0.0   MAIN                                                              12/18/2022 15:19:49 PAGE 1   


C51 COMPILER V9.59.0.0, COMPILATION OF MODULE MAIN
OBJECT MODULE PLACED IN .\Objects\main.obj
COMPILER INVOKED BY: D:\Mcu\51\C51\BIN\C51.EXE main.c OPTIMIZE(8,SPEED) BROWSE DEBUG OBJECTEXTEND PRINT(.\Listings\main.
                    -lst) OBJECT(.\Objects\main.obj)

line level    source

   1          #include <REGX52.H>
   2          //按键定义
   3          sbit s7=P3^1;
   4          sbit s6=P3^0;
   5          sbit s5=P3^2;
   6          sbit s4=P3^3;
   7          
   8          //led定义
   9          sbit L1=P2^0;
  10          sbit L2=P2^1;
  11          sbit L3=P2^2;
  12          sbit L4=P2^3;
  13          sbit L5=P2^4;
  14          sbit L6=P2^5;
  15          sbit L7=P2^6;
  16          sbit L8=P2^7;
  17          
  18          //变量创建
  19          unsigned char flag_k=0;
  20          //延时函数
  21          void delay(unsigned char t)
  22          {
  23   1      while(t--);
  24   1      }       
  25          
  26          //按键扫描函数
  27          void Scankey_Alone()
  28          {
  29   1              if(s7==0)
  30   1              {
  31   2                      delay(100);
  32   2                      if(s7==0)
  33   2                      {if(flag_k==0)
  34   3                      {
  35   4                       L1=0;
  36   4                       flag_k=1;
  37   4                      }
  38   3                      else if(flag_k==1)
  39   3                      {
  40   4                       L1=1;
  41   4                       flag_k=0;
  42   4                      }
  43   3                      while(s7==0);
  44   3                  }
  45   2          }
  46   1              if(s6==0)
  47   1              {
  48   2                delay(100);
  49   2               if(s6==0)
  50   2               {       
  51   3                 if(flag_k==0)
  52   3                 {
  53   4                  L2=0;
  54   4                  flag_k=2;
C51 COMPILER V9.59.0.0   MAIN                                                              12/18/2022 15:19:49 PAGE 2   

  55   4                 }
  56   3                 else if(flag_k==2)
  57   3                 {
  58   4                  L2=1;
  59   4                  flag_k=0;
  60   4                 }
  61   3                      while(s6==0);
  62   3           }
  63   2              }
  64   1              if(s5==0)
  65   1              {
  66   2                      delay(100);
  67   2                      if(s5==0)
  68   2                      {
  69   3                              if(flag_k==1)
  70   3                              {
  71   4                               L3=0;
  72   4                               while(s5==0);
  73   4                               L3=1;
  74   4                              }
  75   3                              else if(flag_k==2)
  76   3                              {
  77   4                               L5=0;
  78   4                               while(s5==0);
  79   4                               L5=1;
  80   4                              }
  81   3                      }
  82   2              }
  83   1              if(s4==0)
  84   1              {
  85   2                      delay(100);
  86   2                      if(s4==0)
  87   2                      {
  88   3                              if(flag_k==1)
  89   3                              {
  90   4                               L4=0;
  91   4                               while(s4==0);
  92   4                               L4=1;
  93   4                              }
  94   3                              else if(flag_k==2)
  95   3                              {
  96   4                               L6=0;
  97   4                               while(s4==0);
  98   4                               L6=1;
  99   4                              }
 100   3                      }
 101   2              }
 102   1      }
 103          //主函数
 104          void main()
 105          {
 106   1              while(1)
 107   1              {
 108   2      Scankey_Alone();
 109   2              }
 110   1      }


MODULE INFORMATION:   STATIC OVERLAYABLE
   CODE SIZE        =    172    ----
   CONSTANT SIZE    =   ----    ----
   XDATA SIZE       =   ----    ----
C51 COMPILER V9.59.0.0   MAIN                                                              12/18/2022 15:19:49 PAGE 3   

   PDATA SIZE       =   ----    ----
   DATA SIZE        =      1    ----
   IDATA SIZE       =   ----    ----
   BIT SIZE         =   ----    ----
END OF MODULE INFORMATION.


C51 COMPILATION COMPLETE.  0 WARNING(S),  0 ERROR(S)
