C51 COMPILER V9.59.0.0   MAIN                                                              12/26/2022 20:41:51 PAGE 1   


C51 COMPILER V9.59.0.0, COMPILATION OF MODULE MAIN
OBJECT MODULE PLACED IN .\Objects\main.obj
COMPILER INVOKED BY: D:\Mcu\51\C51\BIN\C51.EXE main.c OPTIMIZE(8,SPEED) BROWSE DEBUG OBJECTEXTEND PRINT(.\Listings\main.
                    -lst) TABS(3) OBJECT(.\Objects\main.obj)

line level    source

   1          #include <REGX52.H>
   2          
   3          unsigned char command=0;
   4          //======串口初始化函数======
   5          void Uart_Init(void)    //4800bps@12.000MHz
   6          {
   7   1         PCON |= 0x80;     //使能波特率倍速位SMOD
   8   1         SCON = 0x50;      //8位数据,可变波特率
   9   1      // AUXR &= 0xBF;     //定时器1时钟为Fosc/12,即12T
  10   1      // AUXR &= 0xFE;     //串口1选择定时器1为波特率发生器
  11   1         TMOD &= 0x0F;     //清除定时器1模式位
  12   1         TMOD |= 0x20;     //设定定时器1为8位自动重装方式
  13   1         TL1 = 0xF3;    //设定定时初值
  14   1         TH1 = 0xF3;    //设定定时器重装值
  15   1         ET1 = 0;    //禁止定时器1中断
  16   1         TR1 = 1;    //启动定时器1
  17   1         
  18   1         ES=1;
  19   1         EA=1;
  20   1      }
  21          
  22          
  23          void delay(unsigned char t)
  24          {
  25   1         while(t--);
  26   1      }
  27          //==========发送一个字节==========
  28          void Send_Byte(unsigned char Byte)
  29          {
  30   1         SBUF=Byte;
  31   1         while(TI==0);
  32   1         TI=0;
  33   1      }
  34          //================================
  35          
  36          //==========发送一个字符串========
  37          void Send_String(unsigned char *str)
  38          {
  39   1         while(*str!='\0')
  40   1         {
  41   2            Send_Byte(*str++);
  42   2            delay(255);
  43   2         }
  44   1      }
  45          //==========接收一个字节==========
  46          void Receiv_Byte() interrupt 4
  47          {
  48   1         if(RI==1)
  49   1         {
  50   2         RI=0;
  51   2         command=SBUF;
  52   2         }
  53   1      }
  54          //================================
C51 COMPILER V9.59.0.0   MAIN                                                              12/26/2022 20:41:51 PAGE 2   

  55          void work()
  56          {
  57   1         if(command!=0x00)
  58   1         {
  59   2            switch(command & 0xf0)
  60   2            {
  61   3               case 0xa0:P2=(P2 |0x0f)&(~command|0xf0);command=0;break;
  62   3               case 0xb0:P2=(P2 |0xf0)&(~command << 4|0x0f);command=0;break;
  63   3               case 0xc0:Send_String("The System is Running...");command=0;break;
  64   3            }
  65   2         }
  66   1      }
  67          void main()
  68          {
  69   1         Uart_Init();
  70   1         Send_String("Welcome to XMF system!");
  71   1         while(1)
  72   1         {
  73   2            work();
  74   2         }
  75   1      }


MODULE INFORMATION:   STATIC OVERLAYABLE
   CODE SIZE        =    171    ----
   CONSTANT SIZE    =     48    ----
   XDATA SIZE       =   ----    ----
   PDATA SIZE       =   ----    ----
   DATA SIZE        =      1       3
   IDATA SIZE       =   ----    ----
   BIT SIZE         =   ----    ----
END OF MODULE INFORMATION.


C51 COMPILATION COMPLETE.  0 WARNING(S),  0 ERROR(S)
