C51 COMPILER V9.59.0.0   MAIN                                                              12/24/2022 17:12:43 PAGE 1   


C51 COMPILER V9.59.0.0, COMPILATION OF MODULE MAIN
OBJECT MODULE PLACED IN .\Objects\main.obj
COMPILER INVOKED BY: D:\Mcu\51\C51\BIN\C51.EXE main.c OPTIMIZE(8,SPEED) BROWSE DEBUG OBJECTEXTEND PRINT(.\Listings\main.
                    -lst) TABS(3) OBJECT(.\Objects\main.obj)

line level    source

   1          #include <REGX52.H>
   2          
   3          unsigned char date;
   4          //========串口初始化==========
   5             void Uart_Init(void)    //4800bps@12.000MHz
   6          {
   7   1         PCON |= 0x80;     //使能波特率倍速位SMOD
   8   1         SCON = 0x50;      //8位数据,可变波特率
   9   1         
  10   1         TMOD &= 0x0F;     //清除定时器1模式位
  11   1         TMOD |= 0x20;     //设定定时器1为8位自动重装方式
  12   1         TL1 = 0xF3;    //设定定时初值
  13   1         TH1 = 0xF3;    //设定定时器重装值
  14   1         ET1 = 0;    //禁止定时器1中断
  15   1         TR1 = 1;    //启动定时器1
  16   1         
  17   1         EA=1;
  18   1         ES=1;
  19   1      }
  20          //============================
  21          void Delay(unsigned char t)
  22          {
  23   1         while(t--);
  24   1      }
  25          //=========发送一个字节========
  26          void Uart_SentBit(unsigned char Byte)
  27          {
  28   1         SBUF=Byte;
  29   1         while(TI==0);
  30   1         TI=0;
  31   1      }
  32          
  33          //========接收一个字节=========
  34          void Uart_RecevBit() interrupt 4
  35          {
  36   1         if(RI==1)
  37   1            {
  38   2            RI=0;
  39   2            date=SBUF;
  40   2            Uart_SentBit(date+1);
  41   2            }
  42   1      }
  43          
  44          //=============================
  45          //=============================
  46          void main()
  47          {
  48   1         Uart_Init();
  49   1         Uart_SentBit(0x5a);
  50   1         Delay(255);
  51   1         Uart_SentBit(0xa5);
  52   1         while(1)
  53   1         {
  54   2            
C51 COMPILER V9.59.0.0   MAIN                                                              12/24/2022 17:12:43 PAGE 2   

  55   2         }
  56   1      }


MODULE INFORMATION:   STATIC OVERLAYABLE
   CODE SIZE        =     93    ----
   CONSTANT SIZE    =   ----    ----
   XDATA SIZE       =   ----    ----
   PDATA SIZE       =   ----    ----
   DATA SIZE        =      1    ----
   IDATA SIZE       =   ----    ----
   BIT SIZE         =   ----    ----
END OF MODULE INFORMATION.


C51 COMPILATION COMPLETE.  0 WARNING(S),  0 ERROR(S)
